
21-06-2023 11:02:55
No se recibió fichero con la clave fichero
21-06-2023 11:04:34
No se recibió fichero con la clave fichero
21-06-2023 11:04:52
Error en la subida del fichero con código 2
21-06-2023 11:05:43
Error en la subida del fichero con código 2
21-06-2023 11:06:49
No se recibió fichero con la clave fichero
21-06-2023 11:45:46
No se recibió fichero con la clave fichero
21-06-2023 12:13:47
No se recibió fichero con la clave fichero
21-06-2023 12:13:59
No se recibió fichero con la clave fichero
21-06-2023 12:14:46
No se recibió fichero con la clave fichero
21-06-2023 12:14:53
No se recibió fichero con la clave fichero
21-06-2023 12:14:58
No se recibió fichero con la clave fichero
21-06-2023 12:36:19
No se recibió fichero con la clave fichero47
21-06-2023 12:36:51
No se recibió fichero con la clave ficheroEn linea47
21-06-2023 12:37:06
No se recibió fichero con la clave fichero En linea 47
21-06-2023 12:37:33
No se recibió fichero con la clave fichero En linea 47
21-06-2023 12:37:55
No se recibió fichero con la clave fichero En linea 47
21-06-2023 12:38:18
No se recibió fichero con la clave fichero En linea 47
21-06-2023 12:59:07
No se recibió fichero con la clave fichero, en linea 47
22-06-2023 08:48:59
No se recibió fichero con la clave fichero, en linea 47
